<?xml version="1.0" encoding="UTF-8"?>
<!-- Generated by org.testng.reporters.JUnitReportReporter -->
<testsuite hostname="Admin-PC" name="sample.Tests" tests="1" failures="0" timestamp="10 Sep 2020 10:20:52 GMT" time="12.196" errors="0">
  <testcase name="flightSearch" time="12.196" classname="sample.Tests"/>
</testsuite> <!-- sample.Tests -->
